{
  "/home/andres/NC/NC-SYS/COURSES/course-testing/javascript/storybook/examples/coverage-test-vite-lit-ts/src/stories/Button.ts": {
    "path": "/home/andres/NC/NC-SYS/COURSES/course-testing/javascript/storybook/examples/coverage-test-vite-lit-ts/src/stories/Button.ts",
    "statementMap": {
      "0": {
        "start": {
          "line": 30,
          "column": 22
        },
        "end": {
          "line": 43,
          "column": null
        }
      },
      "1": {
        "start": {
          "line": 31,
          "column": 15
        },
        "end": {
          "line": 31,
          "column": null
        }
      },
      "2": {
        "start": {
          "line": 33,
          "column": 2
        },
        "end": {
          "line": 40,
          "column": null
        }
      }
    },
    "fnMap": {
      "0": {
        "name": "(anonymous_0)",
        "decl": {
          "start": {
            "line": 30,
            "column": 22
          },
          "end": {
            "line": 30,
            "column": 23
          }
        },
        "loc": {
          "start": {
            "line": 30,
            "column": 91
          },
          "end": {
            "line": 43,
            "column": null
          }
        }
      }
    },
    "branchMap": {
      "0": {
        "loc": {
          "start": {
            "line": 31,
            "column": 15
          },
          "end": {
            "line": 31,
            "column": null
          }
        },
        "type": "cond-expr",
        "locations": [
          {
            "start": {
              "line": 31,
              "column": 25
            },
            "end": {
              "line": 31,
              "column": 55
            }
          },
          {
            "start": {
              "line": 31,
              "column": 55
            },
            "end": {
              "line": 31,
              "column": null
            }
          }
        ]
      },
      "1": {
        "loc": {
          "start": {
            "line": 36,
            "column": 56
          },
          "end": {
            "line": 36,
            "column": 72
          }
        },
        "type": "binary-expr",
        "locations": [
          {
            "start": {
              "line": 36,
              "column": 56
            },
            "end": {
              "line": 36,
              "column": 64
            }
          },
          {
            "start": {
              "line": 36,
              "column": 64
            },
            "end": {
              "line": 36,
              "column": 72
            }
          }
        ]
      }
    },
    "s": {
      "0": 11,
      "1": 28,
      "2": 28
    },
    "f": {
      "0": 28
    },
    "b": {
      "0": [
        9,
        19
      ],
      "1": [
        28,
        9
      ]
    }
  },
  "/home/andres/NC/NC-SYS/COURSES/course-testing/javascript/storybook/examples/coverage-test-vite-lit-ts/src/stories/Header.ts": {
    "path": "/home/andres/NC/NC-SYS/COURSES/course-testing/javascript/storybook/examples/coverage-test-vite-lit-ts/src/stories/Header.ts",
    "statementMap": {
      "0": {
        "start": {
          "line": 17,
          "column": 22
        },
        "end": {
          "line": 52,
          "column": null
        }
      },
      "1": {
        "start": {
          "line": 17,
          "column": 85
        },
        "end": {
          "line": 52,
          "column": null
        }
      }
    },
    "fnMap": {
      "0": {
        "name": "(anonymous_0)",
        "decl": {
          "start": {
            "line": 17,
            "column": 22
          },
          "end": {
            "line": 17,
            "column": 23
          }
        },
        "loc": {
          "start": {
            "line": 17,
            "column": 85
          },
          "end": {
            "line": 52,
            "column": null
          }
        }
      }
    },
    "branchMap": {
      "0": {
        "loc": {
          "start": {
            "line": 40,
            "column": 10
          },
          "end": {
            "line": 52,
            "column": 16
          }
        },
        "type": "cond-expr",
        "locations": [
          {
            "start": {
              "line": 41,
              "column": 12
            },
            "end": {
              "line": 41,
              "column": null
            }
          },
          {
            "start": {
              "line": 42,
              "column": 12
            },
            "end": {
              "line": 52,
              "column": 16
            }
          }
        ]
      }
    },
    "s": {
      "0": 6,
      "1": 10
    },
    "f": {
      "0": 10
    },
    "b": {
      "0": [
        6,
        4
      ]
    }
  },
  "/home/andres/NC/NC-SYS/COURSES/course-testing/javascript/storybook/examples/coverage-test-vite-lit-ts/src/components/buttons/ButtonBasic01.ts": {
    "path": "/home/andres/NC/NC-SYS/COURSES/course-testing/javascript/storybook/examples/coverage-test-vite-lit-ts/src/components/buttons/ButtonBasic01.ts",
    "statementMap": {
      "0": {
        "start": {
          "line": 5,
          "column": 13
        },
        "end": {
          "line": 5,
          "column": null
        }
      },
      "1": {
        "start": {
          "line": 11,
          "column": 7
        },
        "end": {
          "line": 41,
          "column": null
        }
      },
      "2": {
        "start": {
          "line": 13,
          "column": 4
        },
        "end": {
          "line": 16,
          "column": null
        }
      },
      "3": {
        "start": {
          "line": 11,
          "column": 13
        },
        "end": {
          "line": 20,
          "column": null
        }
      },
      "4": {
        "start": {
          "line": 11,
          "column": 13
        },
        "end": {
          "line": 11,
          "column": 35
        }
      }
    },
    "fnMap": {
      "0": {
        "name": "(anonymous_1)",
        "decl": {
          "start": {
            "line": 12,
            "column": 2
          },
          "end": {
            "line": 12,
            "column": 11
          }
        },
        "loc": {
          "start": {
            "line": 12,
            "column": 11
          },
          "end": {
            "line": 18,
            "column": null
          }
        }
      }
    },
    "branchMap": {},
    "s": {
      "0": 2,
      "1": 2,
      "2": 2,
      "3": 2,
      "4": 2
    },
    "f": {
      "0": 2
    },
    "b": {}
  },
  "/home/andres/NC/NC-SYS/COURSES/course-testing/javascript/storybook/examples/coverage-test-vite-lit-ts/src/stories/Page.ts": {
    "path": "/home/andres/NC/NC-SYS/COURSES/course-testing/javascript/storybook/examples/coverage-test-vite-lit-ts/src/stories/Page.ts",
    "statementMap": {
      "0": {
        "start": {
          "line": 16,
          "column": 20
        },
        "end": {
          "line": 23,
          "column": null
        }
      },
      "1": {
        "start": {
          "line": 16,
          "column": 81
        },
        "end": {
          "line": 23,
          "column": null
        }
      }
    },
    "fnMap": {
      "0": {
        "name": "(anonymous_0)",
        "decl": {
          "start": {
            "line": 16,
            "column": 20
          },
          "end": {
            "line": 16,
            "column": 21
          }
        },
        "loc": {
          "start": {
            "line": 16,
            "column": 81
          },
          "end": {
            "line": 23,
            "column": null
          }
        }
      }
    },
    "branchMap": {},
    "s": {
      "0": 3,
      "1": 5
    },
    "f": {
      "0": 5
    },
    "b": {}
  }
}